<?xml version="1.0" encoding="UTF-8"?>
<testsuite name="com.tw.hotelmenu.controller.MenuControllerTest" tests="1" skipped="0" failures="0" errors="0" timestamp="2022-06-26T13:34:40" hostname="Abiramis-MacBook-Pro.local" time="0.152">
  <properties/>
  <testcase name="deleteMenu()" classname="com.tw.hotelmenu.controller.MenuControllerTest" time="0.152"/>
  <system-out><![CDATA[19:04:38.101 [Test worker] DEBUG org.springframework.test.context.BootstrapUtils - Instantiating CacheAwareContextLoaderDelegate from class [org.springframework.test.context.cache.DefaultCacheAwareContextLoaderDelegate]
19:04:38.109 [Test worker] DEBUG org.springframework.test.context.BootstrapUtils - Instantiating BootstrapContext using constructor [public org.springframework.test.context.support.DefaultBootstrapContext(java.lang.Class,org.springframework.test.context.CacheAwareContextLoaderDelegate)]
19:04:38.143 [Test worker] DEBUG org.springframework.test.context.BootstrapUtils - Instantiating TestContextBootstrapper for test class [com.tw.hotelmenu.controller.MenuControllerTest] from class [org.springframework.boot.test.autoconfigure.web.servlet.WebMvcTestContextBootstrapper]
19:04:38.153 [Test worker] INFO org.springframework.boot.test.autoconfigure.web.servlet.WebMvcTestContextBootstrapper - Neither @ContextConfiguration nor @ContextHierarchy found for test class [com.tw.hotelmenu.controller.MenuControllerTest], using SpringBootContextLoader
19:04:38.162 [Test worker] DEBUG org.springframework.test.context.support.AbstractContextLoader - Did not detect default resource location for test class [com.tw.hotelmenu.controller.MenuControllerTest]: class path resource [com/tw/hotelmenu/controller/MenuControllerTest-context.xml] does not exist
19:04:38.162 [Test worker] DEBUG org.springframework.test.context.support.AbstractContextLoader - Did not detect default resource location for test class [com.tw.hotelmenu.controller.MenuControllerTest]: class path resource [com/tw/hotelmenu/controller/MenuControllerTestContext.groovy] does not exist
19:04:38.163 [Test worker] INFO org.springframework.test.context.support.AbstractContextLoader - Could not detect default resource locations for test class [com.tw.hotelmenu.controller.MenuControllerTest]: no resource found for suffixes {-context.xml, Context.groovy}.
19:04:38.163 [Test worker] INFO org.springframework.test.context.support.AnnotationConfigContextLoaderUtils - Could not detect default configuration classes for test class [com.tw.hotelmenu.controller.MenuControllerTest]: MenuControllerTest does not declare any static, non-private, non-final, nested classes annotated with @Configuration.
19:04:38.225 [Test worker] DEBUG org.springframework.test.context.support.ActiveProfilesUtils - Could not find an 'annotation declaring class' for annotation type [org.springframework.test.context.ActiveProfiles] and class [com.tw.hotelmenu.controller.MenuControllerTest]
19:04:38.272 [Test worker] DEBUG org.springframework.context.annotation.ClassPathScanningCandidateComponentProvider - Identified candidate component class: file [/Users/abiramikamatchi/HotelMenuSpringBoot/MenuHotel/build/classes/java/main/com/tw/hotelmenu/HotelMenuApplication.class]
19:04:38.273 [Test worker] INFO org.springframework.boot.test.context.SpringBootTestContextBootstrapper - Found @SpringBootConfiguration com.tw.hotelmenu.HotelMenuApplication for test class com.tw.hotelmenu.controller.MenuControllerTest
19:04:38.275 [Test worker] DEBUG org.springframework.boot.test.autoconfigure.web.servlet.WebMvcTestContextBootstrapper - @TestExecutionListeners is not present for class [com.tw.hotelmenu.controller.MenuControllerTest]: using defaults.
19:04:38.276 [Test worker] INFO org.springframework.boot.test.autoconfigure.web.servlet.WebMvcTestContextBootstrapper - Loaded default TestExecutionListener class names from location [META-INF/spring.factories]: [org.springframework.boot.test.autoconfigure.restdocs.RestDocsTestExecutionListener, org.springframework.boot.test.autoconfigure.web.client.MockRestServiceServerResetTestExecutionListener, org.springframework.boot.test.autoconfigure.web.servlet.MockMvcPrintOnlyOnFailureTestExecutionListener, org.springframework.boot.test.autoconfigure.web.servlet.WebDriverTestExecutionListener, org.springframework.boot.test.autoconfigure.webservices.client.MockWebServiceServerTestExecutionListener, org.springframework.boot.test.mock.mockito.MockitoTestExecutionListener, org.springframework.boot.test.mock.mockito.ResetMocksTestExecutionListener, org.springframework.test.context.web.ServletTestExecutionListener, org.springframework.test.context.support.DirtiesContextBeforeModesTestExecutionListener, org.springframework.test.context.event.ApplicationEventsTestExecutionListener, org.springframework.test.context.support.DependencyInjectionTestExecutionListener, org.springframework.test.context.support.DirtiesContextTestExecutionListener, org.springframework.test.context.transaction.TransactionalTestExecutionListener, org.springframework.test.context.jdbc.SqlScriptsTestExecutionListener, org.springframework.test.context.event.EventPublishingTestExecutionListener]
19:04:38.290 [Test worker] INFO org.springframework.boot.test.autoconfigure.web.servlet.WebMvcTestContextBootstrapper - Using TestExecutionListeners: [org.springframework.test.context.web.ServletTestExecutionListener@4f6f416f, org.springframework.test.context.support.DirtiesContextBeforeModesTestExecutionListener@3b8f0a79, org.springframework.test.context.event.ApplicationEventsTestExecutionListener@71e693fa, org.springframework.boot.test.mock.mockito.MockitoTestExecutionListener@48793bef, org.springframework.boot.test.autoconfigure.SpringBootDependencyInjectionTestExecutionListener@7d286fb6, org.springframework.test.context.support.DirtiesContextTestExecutionListener@3eb77ea8, org.springframework.test.context.transaction.TransactionalTestExecutionListener@7b8b43c7, org.springframework.test.context.jdbc.SqlScriptsTestExecutionListener@7aaca91a, org.springframework.test.context.event.EventPublishingTestExecutionListener@44c73c26, org.springframework.boot.test.autoconfigure.restdocs.RestDocsTestExecutionListener@41005828, org.springframework.boot.test.autoconfigure.web.client.MockRestServiceServerResetTestExecutionListener@60b4beb4, org.springframework.boot.test.autoconfigure.web.servlet.MockMvcPrintOnlyOnFailureTestExecutionListener@7fcf2fc1, org.springframework.boot.test.autoconfigure.web.servlet.WebDriverTestExecutionListener@2141a12, org.springframework.boot.test.autoconfigure.webservices.client.MockWebServiceServerTestExecutionListener@4196c360, org.springframework.boot.test.mock.mockito.ResetMocksTestExecutionListener@41294f8]
19:04:38.294 [Test worker] DEBUG org.springframework.test.context.support.AbstractDirtiesContextTestExecutionListener - Before test class: context [DefaultTestContext@436c81a3 testClass = MenuControllerTest, testInstance = [null], testMethod = [null], testException = [null], mergedContextConfiguration = [WebMergedContextConfiguration@3561c410 testClass = MenuControllerTest, locations = '{}', classes = '{class com.tw.hotelmenu.HotelMenuApplication}', contextInitializerClasses = '[]', activeProfiles = '{}', propertySourceLocations = '{}', propertySourceProperties = '{org.springframework.boot.test.autoconfigure.web.servlet.WebMvcTestContextBootstrapper=true}', contextCustomizers = set[org.springframework.boot.test.autoconfigure.OverrideAutoConfigurationContextCustomizerFactory$DisableAutoConfigurationContextCustomizer@480d3575, org.springframework.boot.test.autoconfigure.actuate.metrics.MetricsExportContextCustomizerFactory$DisableMetricExportContextCustomizer@65f8f5ae, org.springframework.boot.test.autoconfigure.filter.TypeExcludeFiltersContextCustomizer@89244dad, org.springframework.boot.test.autoconfigure.properties.PropertyMappingContextCustomizer@fca44b21, org.springframework.boot.test.autoconfigure.web.servlet.WebDriverContextCustomizerFactory$Customizer@3e0e1046, [ImportsContextCustomizer@59e32960 key = [org.springframework.boot.autoconfigure.cache.CacheAutoConfiguration, org.springframework.boot.autoconfigure.context.MessageSourceAutoConfiguration, org.springframework.boot.autoconfigure.data.web.SpringDataWebAutoConfiguration, org.springframework.boot.autoconfigure.freemarker.FreeMarkerAutoConfiguration, org.springframework.boot.autoconfigure.groovy.template.GroovyTemplateAutoConfiguration, org.springframework.boot.autoconfigure.gson.GsonAutoConfiguration, org.springframework.boot.autoconfigure.hateoas.HypermediaAutoConfiguration, org.springframework.boot.autoconfigure.http.HttpMessageConvertersAutoConfiguration, org.springframework.boot.autoconfigure.jackson.JacksonAutoConfiguration, org.springframework.boot.autoconfigure.jsonb.JsonbAutoConfiguration, org.springframework.boot.autoconfigure.mustache.MustacheAutoConfiguration, org.springframework.boot.autoconfigure.task.TaskExecutionAutoConfiguration, org.springframework.boot.autoconfigure.thymeleaf.ThymeleafAutoConfiguration, org.springframework.boot.autoconfigure.validation.ValidationAutoConfiguration, org.springframework.boot.autoconfigure.web.servlet.error.ErrorMvcAutoConfiguration, org.springframework.boot.autoconfigure.web.servlet.HttpEncodingAutoConfiguration, org.springframework.boot.autoconfigure.web.servlet.WebMvcAutoConfiguration, org.springframework.boot.test.autoconfigure.web.servlet.MockMvcAutoConfiguration, org.springframework.boot.test.autoconfigure.web.servlet.MockMvcWebClientAutoConfiguration, org.springframework.boot.test.autoconfigure.web.servlet.MockMvcWebDriverAutoConfiguration, org.springframework.boot.autoconfigure.security.oauth2.client.servlet.OAuth2ClientAutoConfiguration, org.springframework.boot.autoconfigure.security.oauth2.resource.servlet.OAuth2ResourceServerAutoConfiguration, org.springframework.boot.autoconfigure.security.servlet.SecurityAutoConfiguration, org.springframework.boot.autoconfigure.security.servlet.SecurityFilterAutoConfiguration, org.springframework.boot.autoconfigure.security.servlet.UserDetailsServiceAutoConfiguration, org.springframework.boot.test.autoconfigure.web.servlet.MockMvcSecurityConfiguration, org.springframework.boot.test.autoconfigure.web.reactive.WebTestClientAutoConfiguration]], org.springframework.boot.test.context.filter.ExcludeFilterContextCustomizer@28194a50, org.springframework.boot.test.json.DuplicateJsonObjectContextCustomizerFactory$DuplicateJsonObjectContextCustomizer@5038d0b5, org.springframework.boot.test.mock.mockito.MockitoContextCustomizer@3cf347fe, org.springframework.boot.test.context.SpringBootTestArgs@1, org.springframework.boot.test.context.SpringBootTestWebEnvironment@0], resourceBasePath = 'src/main/webapp', contextLoader = 'org.springframework.boot.test.context.SpringBootContextLoader', parent = [null]], attributes = map[[empty]]], class annotated with @DirtiesContext [false] with mode [null].

  .   ____          _            __ _ _
 /\\ / ___'_ __ _ _(_)_ __  __ _ \ \ \ \
( ( )\___ | '_ | '_| | '_ \/ _` | \ \ \ \
 \\/  ___)| |_)| | | | | || (_| |  ) ) ) )
  '  |____| .__|_| |_|_| |_\__, | / / / /
 =========|_|==============|___/=/_/_/_/
 :: Spring Boot ::                (v2.7.1)

2022-06-26 19:04:38.764  INFO 58181 --- [    Test worker] c.t.h.controller.MenuControllerTest      : Starting MenuControllerTest using Java 1.8.0_292 on Abiramis-MacBook-Pro.local with PID 58181 (started by abiramikamatchi in /Users/abiramikamatchi/HotelMenuSpringBoot/MenuHotel)
2022-06-26 19:04:38.765  INFO 58181 --- [    Test worker] c.t.h.controller.MenuControllerTest      : No active profile set, falling back to 1 default profile: "default"
2022-06-26 19:04:40.115  INFO 58181 --- [    Test worker] o.s.b.t.m.w.SpringBootMockServletContext : Initializing Spring TestDispatcherServlet ''
2022-06-26 19:04:40.116  INFO 58181 --- [    Test worker] o.s.t.web.servlet.TestDispatcherServlet  : Initializing Servlet ''
2022-06-26 19:04:40.117  INFO 58181 --- [    Test worker] o.s.t.web.servlet.TestDispatcherServlet  : Completed initialization in 1 ms
2022-06-26 19:04:40.142  INFO 58181 --- [    Test worker] c.t.h.controller.MenuControllerTest      : Started MenuControllerTest in 1.685 seconds (JVM running for 2.85)
]]></system-out>
  <system-err><![CDATA[]]></system-err>
</testsuite>
